# JRE version: OpenJDK Runtime Environment Temurin-21.0.7+6 (21.0.7+6) (build 21.0.7+6-LTS)
# Java VM: OpenJDK 64-Bit Server VM Temurin-21.0.7+6 (21.0.7+6-LTS, mixed mode, sharing, tiered, compressed oops, compressed class ptrs, parallel gc, windows-amd64)
GC Precious Log:
 CardTable entry size: 512
 CPUs: 4 total, 4 available
 Memory: 8073M
 Large Page Support: Disabled
 NUMA Support: Disabled
 Compressed Oops: Enabled (32-bit)
 Alignments: Space 512K, Generation 512K, Heap 2M
 Heap Min Capacity: 100M
 Heap Initial Capacity: 100M
 Heap Max Capacity: 1G
 Pre-touch: Disabled
 Parallel Workers: 4
Heap:
 PSYoungGen      total 1536K, used 520K [0x00000000eab00000, 0x00000000eae80000, 0x0000000100000000)
  eden space 1024K, 7% used [0x00000000eab00000,0x00000000eab12358,0x00000000eac00000)
  from space 512K, 87% used [0x00000000eae00000,0x00000000eae70000,0x00000000eae80000)
  to   space 1024K, 0% used [0x00000000eac80000,0x00000000eac80000,0x00000000ead80000)
 ParOldGen       total 486400K, used 486175K [0x00000000c0000000, 0x00000000ddb00000, 0x00000000eab00000)
  object space 486400K, 99% used [0x00000000c0000000,0x00000000ddac7ca0,0x00000000ddb00000)
 Metaspace       used 64634K, committed 65984K, reserved 1114112K
  class space    used 6811K, committed 7424K, reserved 1048576K
GC Heap History (20 events):
Event: 91.471 GC heap before
{Heap before GC invocations=365 (full 3):
 PSYoungGen      total 3072K, used 2847K [0x00000000eab00000, 0x00000000eaf00000, 0x0000000100000000)
  eden space 2560K, 99% used [0x00000000eab00000,0x00000000ead7fff0,0x00000000ead80000)
  from space 512K, 56% used [0x00000000eae00000,0x00000000eae48000,0x00000000eae80000)
  to   space 512K, 0% used [0x00000000eae80000,0x00000000eae80000,0x00000000eaf00000)
 ParOldGen       total 410624K, used 410250K [0x00000000c0000000, 0x00000000d9100000, 0x00000000eab00000)
  object space 410624K, 99% used [0x00000000c0000000,0x00000000d90a2818,0x00000000d9100000)
 Metaspace       used 63757K, committed 65088K, reserved 1114112K
  class space    used 6720K, committed 7296K, reserved 1048576K
}
Event: 91.472 GC heap after
{Heap after GC invocations=365 (full 3):
 PSYoungGen      total 3072K, used 240K [0x00000000eab00000, 0x00000000eaf00000, 0x0000000100000000)
  eden space 2560K, 0% used [0x00000000eab00000,0x00000000eab00000,0x00000000ead80000)
  from space 512K, 46% used [0x00000000eae80000,0x00000000eaebc030,0x00000000eaf00000)
  to   space 512K, 0% used [0x00000000eae00000,0x00000000eae00000,0x00000000eae80000)
 ParOldGen       total 410624K, used 410438K [0x00000000c0000000, 0x00000000d9100000, 0x00000000eab00000)
  object space 410624K, 99% used [0x00000000c0000000,0x00000000d90d18d0,0x00000000d9100000)
 Metaspace       used 63757K, committed 65088K, reserved 1114112K
  class space    used 6720K, committed 7296K, reserved 1048576K
}
Event: 91.628 GC heap before
{Heap before GC invocations=366 (full 3):
 PSYoungGen      total 3072K, used 2800K [0x00000000eab00000, 0x00000000eaf00000, 0x0000000100000000)
  eden space 2560K, 100% used [0x00000000eab00000,0x00000000ead80000,0x00000000ead80000)
  from space 512K, 46% used [0x00000000eae80000,0x00000000eaebc030,0x00000000eaf00000)
  to   space 512K, 0% used [0x00000000eae00000,0x00000000eae00000,0x00000000eae80000)
 ParOldGen       total 410624K, used 410438K [0x00000000c0000000, 0x00000000d9100000, 0x00000000eab00000)
  object space 410624K, 99% used [0x00000000c0000000,0x00000000d90d18d0,0x00000000d9100000)
 Metaspace       used 64034K, committed 65408K, reserved 1114112K
  class space    used 6744K, committed 7360K, reserved 1048576K
}
Event: 91.631 GC heap after
{Heap after GC invocations=366 (full 3):
 PSYoungGen      total 3072K, used 224K [0x00000000eab00000, 0x00000000eaf00000, 0x0000000100000000)
  eden space 2560K, 0% used [0x00000000eab00000,0x00000000eab00000,0x00000000ead80000)
  from space 512K, 43% used [0x00000000eae00000,0x00000000eae38000,0x00000000eae80000)
  to   space 512K, 0% used [0x00000000eae80000,0x00000000eae80000,0x00000000eaf00000)
 ParOldGen       total 410624K, used 410590K [0x00000000c0000000, 0x00000000d9100000, 0x00000000eab00000)
  object space 410624K, 99% used [0x00000000c0000000,0x00000000d90f7920,0x00000000d9100000)
 Metaspace       used 64034K, committed 65408K, reserved 1114112K
  class space    used 6744K, committed 7360K, reserved 1048576K
}
Event: 91.668 GC heap before
{Heap before GC invocations=367 (full 3):
 PSYoungGen      total 3072K, used 2784K [0x00000000eab00000, 0x00000000eaf00000, 0x0000000100000000)
  eden space 2560K, 100% used [0x00000000eab00000,0x00000000ead80000,0x00000000ead80000)
  from space 512K, 43% used [0x00000000eae00000,0x00000000eae38000,0x00000000eae80000)
  to   space 512K, 0% used [0x00000000eae80000,0x00000000eae80000,0x00000000eaf00000)
 ParOldGen       total 410624K, used 410590K [0x00000000c0000000, 0x00000000d9100000, 0x00000000eab00000)
  object space 410624K, 99% used [0x00000000c0000000,0x00000000d90f7920,0x00000000d9100000)
 Metaspace       used 64113K, committed 65408K, reserved 1114112K
  class space    used 6759K, committed 7360K, reserved 1048576K
}
Event: 91.671 GC heap after
{Heap after GC invocations=367 (full 3):
 PSYoungGen      total 3072K, used 412K [0x00000000eab00000, 0x00000000eaf00000, 0x0000000100000000)
  eden space 2560K, 0% used [0x00000000eab00000,0x00000000eab00000,0x00000000ead80000)
  from space 512K, 80% used [0x00000000eae80000,0x00000000eaee7398,0x00000000eaf00000)
  to   space 512K, 0% used [0x00000000eae00000,0x00000000eae00000,0x00000000eae80000)
 ParOldGen       total 412672K, used 412181K [0x00000000c0000000, 0x00000000d9300000, 0x00000000eab00000)
  object space 412672K, 99% used [0x00000000c0000000,0x00000000d92854e8,0x00000000d9300000)
 Metaspace       used 64113K, committed 65408K, reserved 1114112K
  class space    used 6759K, committed 7360K, reserved 1048576K
}
Event: 91.700 GC heap before
{Heap before GC invocations=368 (full 3):
 PSYoungGen      total 3072K, used 2832K [0x00000000eab00000, 0x00000000eaf00000, 0x0000000100000000)
  eden space 2560K, 94% used [0x00000000eab00000,0x00000000ead5ce30,0x00000000ead80000)
  from space 512K, 80% used [0x00000000eae80000,0x00000000eaee7398,0x00000000eaf00000)
  to   space 512K, 0% used [0x00000000eae00000,0x00000000eae00000,0x00000000eae80000)
 ParOldGen       total 412672K, used 412181K [0x00000000c0000000, 0x00000000d9300000, 0x00000000eab00000)
  object space 412672K, 99% used [0x00000000c0000000,0x00000000d92854e8,0x00000000d9300000)
 Metaspace       used 64183K, committed 65536K, reserved 1114112K
  class space    used 6768K, committed 7360K, reserved 1048576K
}
Event: 91.704 GC heap after
{Heap after GC invocations=368 (full 3):
 PSYoungGen      total 3072K, used 144K [0x00000000eab00000, 0x00000000eaf00000, 0x0000000100000000)
  eden space 2560K, 0% used [0x00000000eab00000,0x00000000eab00000,0x00000000ead80000)
  from space 512K, 28% used [0x00000000eae00000,0x00000000eae24010,0x00000000eae80000)
  to   space 512K, 0% used [0x00000000eae80000,0x00000000eae80000,0x00000000eaf00000)
 ParOldGen       total 417280K, used 416511K [0x00000000c0000000, 0x00000000d9780000, 0x00000000eab00000)
  object space 417280K, 99% used [0x00000000c0000000,0x00000000d96bff10,0x00000000d9780000)
 Metaspace       used 64183K, committed 65536K, reserved 1114112K
  class space    used 6768K, committed 7360K, reserved 1048576K
}
Event: 91.720 GC heap before
{Heap before GC invocations=369 (full 3):
 PSYoungGen      total 3072K, used 2703K [0x00000000eab00000, 0x00000000eaf00000, 0x0000000100000000)
  eden space 2560K, 99% used [0x00000000eab00000,0x00000000ead7ffd0,0x00000000ead80000)
  from space 512K, 28% used [0x00000000eae00000,0x00000000eae24010,0x00000000eae80000)
  to   space 512K, 0% used [0x00000000eae80000,0x00000000eae80000,0x00000000eaf00000)
 ParOldGen       total 417280K, used 416511K [0x00000000c0000000, 0x00000000d9780000, 0x00000000eab00000)
  object space 417280K, 99% used [0x00000000c0000000,0x00000000d96bff10,0x00000000d9780000)
 Metaspace       used 64201K, committed 65536K, reserved 1114112K
  class space    used 6772K, committed 7360K, reserved 1048576K
}
Event: 91.724 GC heap after
{Heap after GC invocations=369 (full 3):
 PSYoungGen      total 1536K, used 487K [0x00000000eab00000, 0x00000000eb280000, 0x0000000100000000)
  eden space 1024K, 0% used [0x00000000eab00000,0x00000000eab00000,0x00000000eac00000)
  from space 512K, 95% used [0x00000000eae80000,0x00000000eaef9ed0,0x00000000eaf00000)
  to   space 2560K, 0% used [0x00000000eac00000,0x00000000eac00000,0x00000000eae80000)
 ParOldGen       total 418304K, used 418095K [0x00000000c0000000, 0x00000000d9880000, 0x00000000eab00000)
  object space 418304K, 99% used [0x00000000c0000000,0x00000000d984bdf0,0x00000000d9880000)
 Metaspace       used 64201K, committed 65536K, reserved 1114112K
  class space    used 6772K, committed 7360K, reserved 1048576K
}
Event: 91.731 GC heap before
{Heap before GC invocations=370 (full 3):
 PSYoungGen      total 1536K, used 1511K [0x00000000eab00000, 0x00000000eb280000, 0x0000000100000000)
  eden space 1024K, 100% used [0x00000000eab00000,0x00000000eac00000,0x00000000eac00000)
  from space 512K, 95% used [0x00000000eae80000,0x00000000eaef9ed0,0x00000000eaf00000)
  to   space 2560K, 0% used [0x00000000eac00000,0x00000000eac00000,0x00000000eae80000)
 ParOldGen       total 418304K, used 418095K [0x00000000c0000000, 0x00000000d9880000, 0x00000000eab00000)
  object space 418304K, 99% used [0x00000000c0000000,0x00000000d984bdf0,0x00000000d9880000)
 Metaspace       used 64201K, committed 65536K, reserved 1114112K
  class space    used 6772K, committed 7360K, reserved 1048576K
}
Event: 91.734 GC heap after
{Heap after GC invocations=370 (full 3):
 PSYoungGen      total 2048K, used 992K [0x00000000eab00000, 0x00000000eaf00000, 0x0000000100000000)
  eden space 1024K, 0% used [0x00000000eab00000,0x00000000eab00000,0x00000000eac00000)
  from space 1024K, 96% used [0x00000000eac00000,0x00000000eacf8000,0x00000000ead00000)
  to   space 1536K, 0% used [0x00000000ead80000,0x00000000ead80000,0x00000000eaf00000)
 ParOldGen       total 418816K, used 418592K [0x00000000c0000000, 0x00000000d9900000, 0x00000000eab00000)
  object space 418816K, 99% used [0x00000000c0000000,0x00000000d98c8000,0x00000000d9900000)
 Metaspace       used 64201K, committed 65536K, reserved 1114112K
  class space    used 6772K, committed 7360K, reserved 1048576K
}
Event: 91.823 GC heap before
{Heap before GC invocations=371 (full 3):
 PSYoungGen      total 2048K, used 1973K [0x00000000eab00000, 0x00000000eaf00000, 0x0000000100000000)
  eden space 1024K, 95% used [0x00000000eab00000,0x00000000eabf5588,0x00000000eac00000)
  from space 1024K, 96% used [0x00000000eac00000,0x00000000eacf8000,0x00000000ead00000)
  to   space 1536K, 0% used [0x00000000ead80000,0x00000000ead80000,0x00000000eaf00000)
 ParOldGen       total 420352K, used 419913K [0x00000000c0000000, 0x00000000d9a80000, 0x00000000eab00000)
  object space 420352K, 99% used [0x00000000c0000000,0x00000000d9a12780,0x00000000d9a80000)
 Metaspace       used 64221K, committed 65536K, reserved 1114112K
  class space    used 6773K, committed 7360K, reserved 1048576K
}
Event: 91.825 GC heap after
{Heap after GC invocations=371 (full 3):
 PSYoungGen      total 2048K, used 848K [0x00000000eab00000, 0x00000000eae80000, 0x0000000100000000)
  eden space 1024K, 0% used [0x00000000eab00000,0x00000000eab00000,0x00000000eac00000)
  from space 1024K, 82% used [0x00000000ead80000,0x00000000eae54010,0x00000000eae80000)
  to   space 1024K, 0% used [0x00000000eac00000,0x00000000eac00000,0x00000000ead00000)
 ParOldGen       total 421376K, used 420865K [0x00000000c0000000, 0x00000000d9b80000, 0x00000000eab00000)
  object space 421376K, 99% used [0x00000000c0000000,0x00000000d9b00780,0x00000000d9b80000)
 Metaspace       used 64221K, committed 65536K, reserved 1114112K
  class space    used 6773K, committed 7360K, reserved 1048576K
}
Event: 91.946 GC heap before
{Heap before GC invocations=372 (full 3):
 PSYoungGen      total 2048K, used 1872K [0x00000000eab00000, 0x00000000eae80000, 0x0000000100000000)
  eden space 1024K, 99% used [0x00000000eab00000,0x00000000eabffff0,0x00000000eac00000)
  from space 1024K, 82% used [0x00000000ead80000,0x00000000eae54010,0x00000000eae80000)
  to   space 1024K, 0% used [0x00000000eac00000,0x00000000eac00000,0x00000000ead00000)
 ParOldGen       total 424448K, used 423668K [0x00000000c0000000, 0x00000000d9e80000, 0x00000000eab00000)
  object space 424448K, 99% used [0x00000000c0000000,0x00000000d9dbd148,0x00000000d9e80000)
 Metaspace       used 64245K, committed 65600K, reserved 1114112K
  class space    used 6774K, committed 7360K, reserved 1048576K
}
Event: 91.948 GC heap after
{Heap after GC invocations=372 (full 3):
 PSYoungGen      total 2048K, used 533K [0x00000000eab00000, 0x00000000eae00000, 0x0000000100000000)
  eden space 1024K, 0% used [0x00000000eab00000,0x00000000eab00000,0x00000000eac00000)
  from space 1024K, 52% used [0x00000000eac00000,0x00000000eac85600,0x00000000ead00000)
  to   space 1024K, 0% used [0x00000000ead00000,0x00000000ead00000,0x00000000eae00000)
 ParOldGen       total 424448K, used 424428K [0x00000000c0000000, 0x00000000d9e80000, 0x00000000eab00000)
  object space 424448K, 99% used [0x00000000c0000000,0x00000000d9e7b148,0x00000000d9e80000)
 Metaspace       used 64245K, committed 65600K, reserved 1114112K
  class space    used 6774K, committed 7360K, reserved 1048576K
}
Event: 91.954 GC heap before
{Heap before GC invocations=373 (full 3):
 PSYoungGen      total 2048K, used 1374K [0x00000000eab00000, 0x00000000eae00000, 0x0000000100000000)
  eden space 1024K, 82% used [0x00000000eab00000,0x00000000eabd2418,0x00000000eac00000)
  from space 1024K, 52% used [0x00000000eac00000,0x00000000eac85600,0x00000000ead00000)
  to   space 1024K, 0% used [0x00000000ead00000,0x00000000ead00000,0x00000000eae00000)
 ParOldGen       total 424448K, used 424428K [0x00000000c0000000, 0x00000000d9e80000, 0x00000000eab00000)
  object space 424448K, 99% used [0x00000000c0000000,0x00000000d9e7b148,0x00000000d9e80000)
 Metaspace       used 64278K, committed 65600K, reserved 1114112K
  class space    used 6778K, committed 7360K, reserved 1048576K
}
Event: 91.957 GC heap after
{Heap after GC invocations=373 (full 3):
 PSYoungGen      total 1536K, used 279K [0x00000000eab00000, 0x00000000ead80000, 0x0000000100000000)
  eden space 1024K, 0% used [0x00000000eab00000,0x00000000eab00000,0x00000000eac00000)
  from space 512K, 54% used [0x00000000ead00000,0x00000000ead45ee0,0x00000000ead80000)
  to   space 512K, 0% used [0x00000000eac80000,0x00000000eac80000,0x00000000ead00000)
 ParOldGen       total 424960K, used 424897K [0x00000000c0000000, 0x00000000d9f00000, 0x00000000eab00000)
  object space 424960K, 99% used [0x00000000c0000000,0x00000000d9ef0748,0x00000000d9f00000)
 Metaspace       used 64278K, committed 65600K, reserved 1114112K
  class space    used 6778K, committed 7360K, reserved 1048576K
}
Event: 91.967 GC heap before
{Heap before GC invocations=374 (full 3):
 PSYoungGen      total 1536K, used 1303K [0x00000000eab00000, 0x00000000ead80000, 0x0000000100000000)
  eden space 1024K, 99% used [0x00000000eab00000,0x00000000eabffff8,0x00000000eac00000)
  from space 512K, 54% used [0x00000000ead00000,0x00000000ead45ee0,0x00000000ead80000)
  to   space 512K, 0% used [0x00000000eac80000,0x00000000eac80000,0x00000000ead00000)
 ParOldGen       total 428032K, used 427777K [0x00000000c0000000, 0x00000000da200000, 0x00000000eab00000)
  object space 428032K, 99% used [0x00000000c0000000,0x00000000da1c04a0,0x00000000da200000)
 Metaspace       used 64321K, committed 65664K, reserved 1114112K
  class space    used 6785K, committed 7360K, reserved 1048576K
}
Event: 91.970 GC heap after
{Heap after GC invocations=374 (full 3):
 PSYoungGen      total 1536K, used 128K [0x00000000eab00000, 0x00000000ead80000, 0x0000000100000000)
  eden space 1024K, 0% used [0x00000000eab00000,0x00000000eab00000,0x00000000eac00000)
  from space 512K, 25% used [0x00000000eac80000,0x00000000eaca0000,0x00000000ead00000)
  to   space 512K, 0% used [0x00000000ead00000,0x00000000ead00000,0x00000000ead80000)
 ParOldGen       total 428032K, used 427821K [0x00000000c0000000, 0x00000000da200000, 0x00000000eab00000)
  object space 428032K, 99% used [0x00000000c0000000,0x00000000da1cb4b0,0x00000000da200000)
 Metaspace       used 64321K, committed 65664K, reserved 1114112K
  class space    used 6785K, committed 7360K, reserved 1048576K
}

